<?xml version="1.0" encoding="UTF-8"?>
<!-- Generated by org.testng.reporters.JUnitReportReporter -->
<testsuite skipped="0" hostname="DESKTOP-6D3FG3E" name="com.qa.testcases.TrivagoMainTest" tests="6" failures="0" timestamp="2021-04-24T13:52:19 CEST" time="40.650" errors="0">
  <testcase name="launchURL" time="6.460" classname="com.qa.testcases.TrivagoMainTest"/>
  <system-out/>
  <testcase name="enterLocation" time="4.052" classname="com.qa.testcases.TrivagoMainTest"/>
  <system-out/>
  <testcase name="enterRadius" time="0.451" classname="com.qa.testcases.TrivagoMainTest"/>
  <system-out/>
  <testcase name="clickGuestAsLink" time="5.041" classname="com.qa.testcases.TrivagoMainTest"/>
  <system-out/>
  <testcase name="enterDetail" time="12.301" classname="com.qa.testcases.TrivagoMainTest"/>
  <system-out/>
  <testcase name="insertDatainForm" time="12.345" classname="com.qa.testcases.TrivagoMainTest"/>
  <system-out/>
</testsuite> <!-- com.qa.testcases.TrivagoMainTest -->
